<?xml version="1.0" encoding="UTF-8"?>
<coverage generated="1519920665551" clover="3.2.0">
  <project timestamp="1519920665551" name="All files">
    <metrics statements="28" coveredstatements="28" conditionals="12" coveredconditionals="11" methods="12" coveredmethods="12" elements="52" coveredelements="51" complexity="0" loc="28" ncloc="28" packages="1" files="1" classes="1">
      <file name="index.js" path="/Users/sharpshark28/web/json-query-chain/index.js">
        <metrics statements="28" coveredstatements="28" conditionals="12" coveredconditionals="11" methods="12" coveredmethods="12"/>
        <line num="1" count="1" type="stmt"/>
        <line num="3" count="12" type="stmt"/>
        <line num="4" count="108" type="stmt"/>
        <line num="5" count="108" type="stmt"/>
        <line num="10" count="12" type="stmt"/>
        <line num="14" count="1" type="stmt"/>
        <line num="15" count="1" type="stmt"/>
        <line num="19" count="9" type="stmt"/>
        <line num="20" count="1" type="stmt"/>
        <line num="24" count="3" type="cond" truecount="2" falsecount="0"/>
        <line num="26" count="18" type="stmt"/>
        <line num="27" count="2" type="stmt"/>
        <line num="29" count="1" type="stmt"/>
        <line num="30" count="9" type="stmt"/>
        <line num="31" count="9" type="cond" truecount="2" falsecount="0"/>
        <line num="32" count="9" type="stmt"/>
        <line num="33" count="9" type="stmt"/>
        <line num="35" count="1" type="stmt"/>
        <line num="37" count="3" type="stmt"/>
        <line num="41" count="4" type="stmt"/>
        <line num="42" count="48" type="cond" truecount="2" falsecount="0"/>
        <line num="43" count="38" type="cond" truecount="2" falsecount="0"/>
        <line num="44" count="11" type="stmt"/>
        <line num="46" count="4" type="stmt"/>
        <line num="50" count="4" type="stmt"/>
        <line num="51" count="4" type="stmt"/>
        <line num="52" count="4" type="stmt"/>
        <line num="53" count="4" type="stmt"/>
      </file>
    </metrics>
  </project>
</coverage>
