{"/Users/sharpshark28/web/json-query-chain/index.js": {"path":"/Users/sharpshark28/web/json-query-chain/index.js","statementMap":{"0":{"start":{"line":1,"column":0},"end":{"line":55,"column":1}},"1":{"start":{"line":3,"column":4},"end":{"line":6,"column":6}},"2":{"start":{"line":4,"column":6},"end":{"line":4,"column":24}},"3":{"start":{"line":5,"column":6},"end":{"line":5,"column":17}},"4":{"start":{"line":10,"column":4},"end":{"line":10,"column":20}},"5":{"start":{"line":14,"column":4},"end":{"line":14,"column":38}},"6":{"start":{"line":15,"column":4},"end":{"line":15,"column":15}},"7":{"start":{"line":19,"column":4},"end":{"line":19,"column":57}},"8":{"start":{"line":19,"column":41},"end":{"line":19,"column":56}},"9":{"start":{"line":20,"column":4},"end":{"line":20,"column":15}},"10":{"start":{"line":24,"column":4},"end":{"line":36,"column":5}},"11":{"start":{"line":26,"column":8},"end":{"line":26,"column":64}},"12":{"start":{"line":26,"column":45},"end":{"line":26,"column":63}},"13":{"start":{"line":27,"column":8},"end":{"line":27,"column":13}},"14":{"start":{"line":29,"column":8},"end":{"line":34,"column":10}},"15":{"start":{"line":30,"column":24},"end":{"line":30,"column":46}},"16":{"start":{"line":31,"column":28},"end":{"line":31,"column":67}},"17":{"start":{"line":32,"column":10},"end":{"line":32,"column":39}},"18":{"start":{"line":33,"column":10},"end":{"line":33,"column":28}},"19":{"start":{"line":35,"column":8},"end":{"line":35,"column":13}},"20":{"start":{"line":37,"column":4},"end":{"line":37,"column":15}},"21":{"start":{"line":41,"column":4},"end":{"line":45,"column":6}},"22":{"start":{"line":42,"column":6},"end":{"line":42,"column":36}},"23":{"start":{"line":42,"column":27},"end":{"line":42,"column":36}},"24":{"start":{"line":43,"column":6},"end":{"line":43,"column":35}},"25":{"start":{"line":43,"column":27},"end":{"line":43,"column":35}},"26":{"start":{"line":44,"column":6},"end":{"line":44,"column":14}},"27":{"start":{"line":46,"column":4},"end":{"line":46,"column":15}},"28":{"start":{"line":50,"column":14},"end":{"line":50,"column":38}},"29":{"start":{"line":51,"column":14},"end":{"line":51,"column":27}},"30":{"start":{"line":52,"column":4},"end":{"line":52,"column":41}},"31":{"start":{"line":53,"column":4},"end":{"line":53,"column":15}}},"fnMap":{"0":{"name":"(anonymous_0)","decl":{"start":{"line":2,"column":2},"end":{"line":2,"column":3}},"loc":{"start":{"line":2,"column":21},"end":{"line":7,"column":3}},"line":2},"1":{"name":"(anonymous_1)","decl":{"start":{"line":3,"column":25},"end":{"line":3,"column":26}},"loc":{"start":{"line":3,"column":33},"end":{"line":6,"column":5}},"line":3},"2":{"name":"(anonymous_2)","decl":{"start":{"line":9,"column":2},"end":{"line":9,"column":3}},"loc":{"start":{"line":9,"column":17},"end":{"line":11,"column":3}},"line":9},"3":{"name":"(anonymous_3)","decl":{"start":{"line":13,"column":2},"end":{"line":13,"column":3}},"loc":{"start":{"line":13,"column":16},"end":{"line":16,"column":3}},"line":13},"4":{"name":"(anonymous_4)","decl":{"start":{"line":18,"column":2},"end":{"line":18,"column":3}},"loc":{"start":{"line":18,"column":23},"end":{"line":21,"column":3}},"line":18},"5":{"name":"(anonymous_5)","decl":{"start":{"line":19,"column":33},"end":{"line":19,"column":34}},"loc":{"start":{"line":19,"column":41},"end":{"line":19,"column":56}},"line":19},"6":{"name":"(anonymous_6)","decl":{"start":{"line":23,"column":2},"end":{"line":23,"column":3}},"loc":{"start":{"line":23,"column":32},"end":{"line":38,"column":3}},"line":23},"7":{"name":"(anonymous_7)","decl":{"start":{"line":26,"column":37},"end":{"line":26,"column":38}},"loc":{"start":{"line":26,"column":45},"end":{"line":26,"column":63}},"line":26},"8":{"name":"(anonymous_8)","decl":{"start":{"line":29,"column":37},"end":{"line":29,"column":38}},"loc":{"start":{"line":29,"column":45},"end":{"line":34,"column":9}},"line":29},"9":{"name":"(anonymous_9)","decl":{"start":{"line":40,"column":2},"end":{"line":40,"column":3}},"loc":{"start":{"line":40,"column":27},"end":{"line":47,"column":3}},"line":40},"10":{"name":"(anonymous_10)","decl":{"start":{"line":41,"column":31},"end":{"line":41,"column":32}},"loc":{"start":{"line":41,"column":41},"end":{"line":45,"column":5}},"line":41},"11":{"name":"(anonymous_11)","decl":{"start":{"line":49,"column":2},"end":{"line":49,"column":3}},"loc":{"start":{"line":49,"column":36},"end":{"line":54,"column":3}},"line":49}},"branchMap":{"0":{"loc":{"start":{"line":23,"column":21},"end":{"line":23,"column":30}},"type":"default-arg","locations":[{"start":{"line":23,"column":29},"end":{"line":23,"column":30}}],"line":23},"1":{"loc":{"start":{"line":24,"column":4},"end":{"line":36,"column":5}},"type":"switch","locations":[{"start":{"line":25,"column":6},"end":{"line":27,"column":13}},{"start":{"line":28,"column":6},"end":{"line":35,"column":13}}],"line":24},"2":{"loc":{"start":{"line":31,"column":29},"end":{"line":31,"column":59}},"type":"binary-expr","locations":[{"start":{"line":31,"column":29},"end":{"line":31,"column":53}},{"start":{"line":31,"column":57},"end":{"line":31,"column":59}}],"line":31},"3":{"loc":{"start":{"line":40,"column":8},"end":{"line":40,"column":25}},"type":"default-arg","locations":[{"start":{"line":40,"column":14},"end":{"line":40,"column":25}}],"line":40},"4":{"loc":{"start":{"line":42,"column":6},"end":{"line":42,"column":36}},"type":"if","locations":[{"start":{"line":42,"column":6},"end":{"line":42,"column":36}},{"start":{"line":42,"column":6},"end":{"line":42,"column":36}}],"line":42},"5":{"loc":{"start":{"line":43,"column":6},"end":{"line":43,"column":35}},"type":"if","locations":[{"start":{"line":43,"column":6},"end":{"line":43,"column":35}},{"start":{"line":43,"column":6},"end":{"line":43,"column":35}}],"line":43},"6":{"loc":{"start":{"line":49,"column":12},"end":{"line":49,"column":20}},"type":"default-arg","locations":[{"start":{"line":49,"column":19},"end":{"line":49,"column":20}}],"line":49},"7":{"loc":{"start":{"line":49,"column":22},"end":{"line":49,"column":34}},"type":"default-arg","locations":[{"start":{"line":49,"column":32},"end":{"line":49,"column":34}}],"line":49}},"s":{"0":1,"1":12,"2":108,"3":108,"4":12,"5":1,"6":1,"7":1,"8":9,"9":1,"10":3,"11":2,"12":18,"13":2,"14":1,"15":9,"16":9,"17":9,"18":9,"19":1,"20":3,"21":4,"22":48,"23":10,"24":38,"25":27,"26":11,"27":4,"28":4,"29":4,"30":4,"31":4},"f":{"0":12,"1":108,"2":12,"3":1,"4":1,"5":9,"6":3,"7":18,"8":9,"9":4,"10":48,"11":4},"b":{"0":[3],"1":[2,1],"2":[9,7],"3":[0],"4":[10,38],"5":[27,11],"6":[1],"7":[1]},"_coverageSchema":"332fd63041d2c1bcb487cc26dd0d5f7d97098a6c","hash":"0a1d673eb68d152c72702b26f3e41837a2997536"}
}
