TN:
SF:/Users/sharpshark28/web/json-query-chain/index.js
FN:2,(anonymous_0)
FN:3,(anonymous_1)
FN:9,(anonymous_2)
FN:13,(anonymous_3)
FN:18,(anonymous_4)
FN:19,(anonymous_5)
FN:23,(anonymous_6)
FN:26,(anonymous_7)
FN:29,(anonymous_8)
FN:40,(anonymous_9)
FN:41,(anonymous_10)
FN:49,(anonymous_11)
FNF:12
FNH:12
FNDA:12,(anonymous_0)
FNDA:108,(anonymous_1)
FNDA:12,(anonymous_2)
FNDA:1,(anonymous_3)
FNDA:1,(anonymous_4)
FNDA:9,(anonymous_5)
FNDA:3,(anonymous_6)
FNDA:18,(anonymous_7)
FNDA:9,(anonymous_8)
FNDA:4,(anonymous_9)
FNDA:48,(anonymous_10)
FNDA:4,(anonymous_11)
DA:1,1
DA:3,12
DA:4,108
DA:5,108
DA:10,12
DA:14,1
DA:15,1
DA:19,9
DA:20,1
DA:24,3
DA:26,18
DA:27,2
DA:29,1
DA:30,9
DA:31,9
DA:32,9
DA:33,9
DA:35,1
DA:37,3
DA:41,4
DA:42,48
DA:43,38
DA:44,11
DA:46,4
DA:50,4
DA:51,4
DA:52,4
DA:53,4
LF:28
LH:28
BRDA:23,0,0,3
BRDA:24,1,0,2
BRDA:24,1,1,1
BRDA:31,2,0,9
BRDA:31,2,1,7
BRDA:40,3,0,0
BRDA:42,4,0,10
BRDA:42,4,1,38
BRDA:43,5,0,27
BRDA:43,5,1,11
BRDA:49,6,0,1
BRDA:49,7,0,1
BRF:12
BRH:11
end_of_record
